
Number of platforms: 1

platform: 0
- CL_PLATFORM_NAME      : AMD Accelerated Parallel Processing
- CL_PLATFORM_VENDOR    : Advanced Micro Devices, Inc.
- CL_PLATFORM_PROFILE   : FULL_PROFILE
- CL_PLATFORM_VERSION   : OpenCL 1.2 AMD-APP (1084.4)
- CL_PLATFORM_EXTENSIONS: cl_khr_icd cl_amd_event_callback cl_amd_offline_devices

Number of devices: 5
device: 0 (CL_DEVICE_TYPE_GPU) default
 - CL_DEVICE_NAME                         : Tahiti
 - CL_DEVICE_VENDOR                       : Advanced Micro Devices, Inc.
 - CL_DRIVER_VERSION                      : 1084.4 (VM)
 - CL_DEVICE_PROFILE                      : FULL_PROFILE
 - CL_DEVICE_VERSION                      : OpenCL 1.2 AMD-APP (1084.4)
 - CL_DEVICE_EXTENSIONS                   : cl_khr_fp64 cl_amd_fp64 cl_khr_global_int32_base_atomics cl_khr_global_int32_extended_atomics cl_khr_local_int32_base_atomics cl_khr_local_int32_extended_atomics cl_khr_int64_base_atomics cl_khr_int64_extended_atomics cl_khr_3d_image_writes cl_khr_byte_addressable_store cl_khr_gl_sharing cl_ext_atomic_counters_32 cl_amd_device_attribute_query cl_amd_vec3 cl_amd_printf cl_amd_media_ops cl_amd_media_ops2 cl_amd_popcnt cl_amd_c1x_atomics 
 - CL_DEVICE_VENDOR_ID                    : 4098
 - CL_DEVICE_MAX_COMPUTE_UNITS            : 32
 - CL_DEVICE_MAX_WORK_ITEM_DIMENSIONS     : 3
 - CL_DEVICE_MAX_WORK_ITEM_SIZES          : (256, 256, 256)
 - CL_DEVICE_MAX_WORK_GROUP_SIZE          : 256
 - CL_DEVICE_PREFERRED_VECTOR_WIDTH_CHAR  : 4
 - CL_DEVICE_PREFERRED_VECTOR_WIDTH_SHORT : 2
 - CL_DEVICE_PREFERRED_VECTOR_WIDTH_INT   : 1
 - CL_DEVICE_PREFERRED_VECTOR_WIDTH_LONG  : 1
 - CL_DEVICE_PREFERRED_VECTOR_WIDTH_FLOAT : 1
 - CL_DEVICE_PREFERRED_VECTOR_WIDTH_DOUBLE: 1
 - CL_DEVICE_MAX_CLOCK_FREQUENCY          : 0
 - CL_DEVICE_ADDRESS_BITS                 : 32
 - CL_DEVICE_MAX_MEM_ALLOC_SIZE           : 536870912
 - CL_DEVICE_IMAGE_SUPPORT                : CL_TRUE
 - CL_DEVICE_MAX_READ_IMAGE_ARGS          : 128
 - CL_DEVICE_MAX_WRITE_IMAGE_ARGS         : 8
 - CL_DEVICE_IMAGE2D_MAX_WIDTH            : 16384
 - CL_DEVICE_IMAGE2D_MAX_HEIGHT           : 16384
 - CL_DEVICE_IMAGE3D_MAX_WIDTH            : 2048
 - CL_DEVICE_IMAGE3D_MAX_HEIGHT           : 2048
 - CL_DEVICE_IMAGE3D_MAX_DEPTH            : 2048
 - CL_DEVICE_MAX_SAMPLERS                 : 16
 - CL_DEVICE_MAX_PARAMETER_SIZE           : 1024
 - CL_DEVICE_MEM_BASE_ADDR_ALIGN          : 2048
 - CL_DEVICE_MIN_DATA_TYPE_ALIGN_SIZE     : 128
 - CL_DEVICE_SINGLE_FP_CONFIG             : CL_FP_INF_NAN CL_FP_ROUND_TO_NEAREST CL_FP_ROUND_TO_ZERO CL_FP_ROUND_TO_INF CL_FP_FMA 
 - CL_DEVICE_GLOBAL_MEM_CACHE_TYPE        : CL_READ_WRTIE_CACHE
 - CL_DEVICE_GLOBAL_MEM_CACHELINE_SIZE    : 64
 - CL_DEVICE_GLOBAL_MEM_CACHE_SIZE        : 16384
 - CL_DEVICE_GLOBAL_MEM_SIZE              : 2147483648
 - CL_DEVICE_MAX_CONSTANT_BUFFER_SIZE     : 65536
 - CL_DEVICE_LOCAL_MEM_TYPE               : CL_LOCAL
 - CL_DEVICE_LOCAL_MEM_SIZE               : 32768
 - CL_DEVICE_ERROR_CORRECTION_SUPPORT     : CL_FALSE
 - CL_DEVICE_PROFILING_TIMER_RESOLUTION   : 1 ns
 - CL_DEVICE_ENDIAN_LITTLE                : CL_TRUE
 - CL_DEVICE_AVAILABLE                    : CL_TRUE
 - CL_DEVICE_COMPILER_AVAILABLE           : CL_TRUE
 - CL_DEVICE_EXECUTION_CAPABILITIES       : CL_EXEC_KERNEL 
 - CL_DEVICE_QUEUE_PROPERTIES             : CL_QUEUE_PROFILING_ENABLE 

device: 1 (CL_DEVICE_TYPE_GPU)
 - CL_DEVICE_NAME                         : Tahiti
 - CL_DEVICE_VENDOR                       : Advanced Micro Devices, Inc.
 - CL_DRIVER_VERSION                      : 1084.4 (VM)
 - CL_DEVICE_PROFILE                      : FULL_PROFILE
 - CL_DEVICE_VERSION                      : OpenCL 1.2 AMD-APP (1084.4)
 - CL_DEVICE_EXTENSIONS                   : cl_khr_fp64 cl_amd_fp64 cl_khr_global_int32_base_atomics cl_khr_global_int32_extended_atomics cl_khr_local_int32_base_atomics cl_khr_local_int32_extended_atomics cl_khr_int64_base_atomics cl_khr_int64_extended_atomics cl_khr_3d_image_writes cl_khr_byte_addressable_store cl_khr_gl_sharing cl_ext_atomic_counters_32 cl_amd_device_attribute_query cl_amd_vec3 cl_amd_printf cl_amd_media_ops cl_amd_media_ops2 cl_amd_popcnt cl_amd_c1x_atomics 
 - CL_DEVICE_VENDOR_ID                    : 4098
 - CL_DEVICE_MAX_COMPUTE_UNITS            : 32
 - CL_DEVICE_MAX_WORK_ITEM_DIMENSIONS     : 3
 - CL_DEVICE_MAX_WORK_ITEM_SIZES          : (256, 256, 256)
 - CL_DEVICE_MAX_WORK_GROUP_SIZE          : 256
 - CL_DEVICE_PREFERRED_VECTOR_WIDTH_CHAR  : 4
 - CL_DEVICE_PREFERRED_VECTOR_WIDTH_SHORT : 2
 - CL_DEVICE_PREFERRED_VECTOR_WIDTH_INT   : 1
 - CL_DEVICE_PREFERRED_VECTOR_WIDTH_LONG  : 1
 - CL_DEVICE_PREFERRED_VECTOR_WIDTH_FLOAT : 1
 - CL_DEVICE_PREFERRED_VECTOR_WIDTH_DOUBLE: 1
 - CL_DEVICE_MAX_CLOCK_FREQUENCY          : 0
 - CL_DEVICE_ADDRESS_BITS                 : 32
 - CL_DEVICE_MAX_MEM_ALLOC_SIZE           : 536870912
 - CL_DEVICE_IMAGE_SUPPORT                : CL_TRUE
 - CL_DEVICE_MAX_READ_IMAGE_ARGS          : 128
 - CL_DEVICE_MAX_WRITE_IMAGE_ARGS         : 8
 - CL_DEVICE_IMAGE2D_MAX_WIDTH            : 16384
 - CL_DEVICE_IMAGE2D_MAX_HEIGHT           : 16384
 - CL_DEVICE_IMAGE3D_MAX_WIDTH            : 2048
 - CL_DEVICE_IMAGE3D_MAX_HEIGHT           : 2048
 - CL_DEVICE_IMAGE3D_MAX_DEPTH            : 2048
 - CL_DEVICE_MAX_SAMPLERS                 : 16
 - CL_DEVICE_MAX_PARAMETER_SIZE           : 1024
 - CL_DEVICE_MEM_BASE_ADDR_ALIGN          : 2048
 - CL_DEVICE_MIN_DATA_TYPE_ALIGN_SIZE     : 128
 - CL_DEVICE_SINGLE_FP_CONFIG             : CL_FP_INF_NAN CL_FP_ROUND_TO_NEAREST CL_FP_ROUND_TO_ZERO CL_FP_ROUND_TO_INF CL_FP_FMA 
 - CL_DEVICE_GLOBAL_MEM_CACHE_TYPE        : CL_READ_WRTIE_CACHE
 - CL_DEVICE_GLOBAL_MEM_CACHELINE_SIZE    : 64
 - CL_DEVICE_GLOBAL_MEM_CACHE_SIZE        : 16384
 - CL_DEVICE_GLOBAL_MEM_SIZE              : 2147483648
 - CL_DEVICE_MAX_CONSTANT_BUFFER_SIZE     : 65536
 - CL_DEVICE_LOCAL_MEM_TYPE               : CL_LOCAL
 - CL_DEVICE_LOCAL_MEM_SIZE               : 32768
 - CL_DEVICE_ERROR_CORRECTION_SUPPORT     : CL_FALSE
 - CL_DEVICE_PROFILING_TIMER_RESOLUTION   : 1 ns
 - CL_DEVICE_ENDIAN_LITTLE                : CL_TRUE
 - CL_DEVICE_AVAILABLE                    : CL_TRUE
 - CL_DEVICE_COMPILER_AVAILABLE           : CL_TRUE
 - CL_DEVICE_EXECUTION_CAPABILITIES       : CL_EXEC_KERNEL 
 - CL_DEVICE_QUEUE_PROPERTIES             : CL_QUEUE_PROFILING_ENABLE 

device: 2 (CL_DEVICE_TYPE_GPU)
 - CL_DEVICE_NAME                         : Tahiti
 - CL_DEVICE_VENDOR                       : Advanced Micro Devices, Inc.
 - CL_DRIVER_VERSION                      : 1084.4 (VM)
 - CL_DEVICE_PROFILE                      : FULL_PROFILE
 - CL_DEVICE_VERSION                      : OpenCL 1.2 AMD-APP (1084.4)
 - CL_DEVICE_EXTENSIONS                   : cl_khr_fp64 cl_amd_fp64 cl_khr_global_int32_base_atomics cl_khr_global_int32_extended_atomics cl_khr_local_int32_base_atomics cl_khr_local_int32_extended_atomics cl_khr_int64_base_atomics cl_khr_int64_extended_atomics cl_khr_3d_image_writes cl_khr_byte_addressable_store cl_khr_gl_sharing cl_ext_atomic_counters_32 cl_amd_device_attribute_query cl_amd_vec3 cl_amd_printf cl_amd_media_ops cl_amd_media_ops2 cl_amd_popcnt cl_amd_c1x_atomics 
 - CL_DEVICE_VENDOR_ID                    : 4098
 - CL_DEVICE_MAX_COMPUTE_UNITS            : 32
 - CL_DEVICE_MAX_WORK_ITEM_DIMENSIONS     : 3
 - CL_DEVICE_MAX_WORK_ITEM_SIZES          : (256, 256, 256)
 - CL_DEVICE_MAX_WORK_GROUP_SIZE          : 256
 - CL_DEVICE_PREFERRED_VECTOR_WIDTH_CHAR  : 4
 - CL_DEVICE_PREFERRED_VECTOR_WIDTH_SHORT : 2
 - CL_DEVICE_PREFERRED_VECTOR_WIDTH_INT   : 1
 - CL_DEVICE_PREFERRED_VECTOR_WIDTH_LONG  : 1
 - CL_DEVICE_PREFERRED_VECTOR_WIDTH_FLOAT : 1
 - CL_DEVICE_PREFERRED_VECTOR_WIDTH_DOUBLE: 1
 - CL_DEVICE_MAX_CLOCK_FREQUENCY          : 0
 - CL_DEVICE_ADDRESS_BITS                 : 32
 - CL_DEVICE_MAX_MEM_ALLOC_SIZE           : 536870912
 - CL_DEVICE_IMAGE_SUPPORT                : CL_TRUE
 - CL_DEVICE_MAX_READ_IMAGE_ARGS          : 128
 - CL_DEVICE_MAX_WRITE_IMAGE_ARGS         : 8
 - CL_DEVICE_IMAGE2D_MAX_WIDTH            : 16384
 - CL_DEVICE_IMAGE2D_MAX_HEIGHT           : 16384
 - CL_DEVICE_IMAGE3D_MAX_WIDTH            : 2048
 - CL_DEVICE_IMAGE3D_MAX_HEIGHT           : 2048
 - CL_DEVICE_IMAGE3D_MAX_DEPTH            : 2048
 - CL_DEVICE_MAX_SAMPLERS                 : 16
 - CL_DEVICE_MAX_PARAMETER_SIZE           : 1024
 - CL_DEVICE_MEM_BASE_ADDR_ALIGN          : 2048
 - CL_DEVICE_MIN_DATA_TYPE_ALIGN_SIZE     : 128
 - CL_DEVICE_SINGLE_FP_CONFIG             : CL_FP_INF_NAN CL_FP_ROUND_TO_NEAREST CL_FP_ROUND_TO_ZERO CL_FP_ROUND_TO_INF CL_FP_FMA 
 - CL_DEVICE_GLOBAL_MEM_CACHE_TYPE        : CL_READ_WRTIE_CACHE
 - CL_DEVICE_GLOBAL_MEM_CACHELINE_SIZE    : 64
 - CL_DEVICE_GLOBAL_MEM_CACHE_SIZE        : 16384
 - CL_DEVICE_GLOBAL_MEM_SIZE              : 2147483648
 - CL_DEVICE_MAX_CONSTANT_BUFFER_SIZE     : 65536
 - CL_DEVICE_LOCAL_MEM_TYPE               : CL_LOCAL
 - CL_DEVICE_LOCAL_MEM_SIZE               : 32768
 - CL_DEVICE_ERROR_CORRECTION_SUPPORT     : CL_FALSE
 - CL_DEVICE_PROFILING_TIMER_RESOLUTION   : 1 ns
 - CL_DEVICE_ENDIAN_LITTLE                : CL_TRUE
 - CL_DEVICE_AVAILABLE                    : CL_TRUE
 - CL_DEVICE_COMPILER_AVAILABLE           : CL_TRUE
 - CL_DEVICE_EXECUTION_CAPABILITIES       : CL_EXEC_KERNEL 
 - CL_DEVICE_QUEUE_PROPERTIES             : CL_QUEUE_PROFILING_ENABLE 

device: 3 (CL_DEVICE_TYPE_GPU)
 - CL_DEVICE_NAME                         : Tahiti
 - CL_DEVICE_VENDOR                       : Advanced Micro Devices, Inc.
 - CL_DRIVER_VERSION                      : 1084.4 (VM)
 - CL_DEVICE_PROFILE                      : FULL_PROFILE
 - CL_DEVICE_VERSION                      : OpenCL 1.2 AMD-APP (1084.4)
 - CL_DEVICE_EXTENSIONS                   : cl_khr_fp64 cl_amd_fp64 cl_khr_global_int32_base_atomics cl_khr_global_int32_extended_atomics cl_khr_local_int32_base_atomics cl_khr_local_int32_extended_atomics cl_khr_int64_base_atomics cl_khr_int64_extended_atomics cl_khr_3d_image_writes cl_khr_byte_addressable_store cl_khr_gl_sharing cl_ext_atomic_counters_32 cl_amd_device_attribute_query cl_amd_vec3 cl_amd_printf cl_amd_media_ops cl_amd_media_ops2 cl_amd_popcnt cl_amd_c1x_atomics 
 - CL_DEVICE_VENDOR_ID                    : 4098
 - CL_DEVICE_MAX_COMPUTE_UNITS            : 32
 - CL_DEVICE_MAX_WORK_ITEM_DIMENSIONS     : 3
 - CL_DEVICE_MAX_WORK_ITEM_SIZES          : (256, 256, 256)
 - CL_DEVICE_MAX_WORK_GROUP_SIZE          : 256
 - CL_DEVICE_PREFERRED_VECTOR_WIDTH_CHAR  : 4
 - CL_DEVICE_PREFERRED_VECTOR_WIDTH_SHORT : 2
 - CL_DEVICE_PREFERRED_VECTOR_WIDTH_INT   : 1
 - CL_DEVICE_PREFERRED_VECTOR_WIDTH_LONG  : 1
 - CL_DEVICE_PREFERRED_VECTOR_WIDTH_FLOAT : 1
 - CL_DEVICE_PREFERRED_VECTOR_WIDTH_DOUBLE: 1
 - CL_DEVICE_MAX_CLOCK_FREQUENCY          : 0
 - CL_DEVICE_ADDRESS_BITS                 : 32
 - CL_DEVICE_MAX_MEM_ALLOC_SIZE           : 536870912
 - CL_DEVICE_IMAGE_SUPPORT                : CL_TRUE
 - CL_DEVICE_MAX_READ_IMAGE_ARGS          : 128
 - CL_DEVICE_MAX_WRITE_IMAGE_ARGS         : 8
 - CL_DEVICE_IMAGE2D_MAX_WIDTH            : 16384
 - CL_DEVICE_IMAGE2D_MAX_HEIGHT           : 16384
 - CL_DEVICE_IMAGE3D_MAX_WIDTH            : 2048
 - CL_DEVICE_IMAGE3D_MAX_HEIGHT           : 2048
 - CL_DEVICE_IMAGE3D_MAX_DEPTH            : 2048
 - CL_DEVICE_MAX_SAMPLERS                 : 16
 - CL_DEVICE_MAX_PARAMETER_SIZE           : 1024
 - CL_DEVICE_MEM_BASE_ADDR_ALIGN          : 2048
 - CL_DEVICE_MIN_DATA_TYPE_ALIGN_SIZE     : 128
 - CL_DEVICE_SINGLE_FP_CONFIG             : CL_FP_INF_NAN CL_FP_ROUND_TO_NEAREST CL_FP_ROUND_TO_ZERO CL_FP_ROUND_TO_INF CL_FP_FMA 
 - CL_DEVICE_GLOBAL_MEM_CACHE_TYPE        : CL_READ_WRTIE_CACHE
 - CL_DEVICE_GLOBAL_MEM_CACHELINE_SIZE    : 64
 - CL_DEVICE_GLOBAL_MEM_CACHE_SIZE        : 16384
 - CL_DEVICE_GLOBAL_MEM_SIZE              : 2147483648
 - CL_DEVICE_MAX_CONSTANT_BUFFER_SIZE     : 65536
 - CL_DEVICE_LOCAL_MEM_TYPE               : CL_LOCAL
 - CL_DEVICE_LOCAL_MEM_SIZE               : 32768
 - CL_DEVICE_ERROR_CORRECTION_SUPPORT     : CL_FALSE
 - CL_DEVICE_PROFILING_TIMER_RESOLUTION   : 1 ns
 - CL_DEVICE_ENDIAN_LITTLE                : CL_TRUE
 - CL_DEVICE_AVAILABLE                    : CL_TRUE
 - CL_DEVICE_COMPILER_AVAILABLE           : CL_TRUE
 - CL_DEVICE_EXECUTION_CAPABILITIES       : CL_EXEC_KERNEL 
 - CL_DEVICE_QUEUE_PROPERTIES             : CL_QUEUE_PROFILING_ENABLE 

device: 4 (CL_DEVICE_TYPE_CPU)
 - CL_DEVICE_NAME                         : Intel(R) Xeon(R) CPU E5-2650 0 @ 2.00GHz
 - CL_DEVICE_VENDOR                       : GenuineIntel
 - CL_DRIVER_VERSION                      : 1084.4 (sse2,avx)
 - CL_DEVICE_PROFILE                      : FULL_PROFILE
 - CL_DEVICE_VERSION                      : OpenCL 1.2 AMD-APP (1084.4)
 - CL_DEVICE_EXTENSIONS                   : cl_khr_fp64 cl_amd_fp64 cl_khr_global_int32_base_atomics cl_khr_global_int32_extended_atomics cl_khr_local_int32_base_atomics cl_khr_local_int32_extended_atomics cl_khr_int64_base_atomics cl_khr_int64_extended_atomics cl_khr_3d_image_writes cl_khr_byte_addressable_store cl_khr_gl_sharing cl_ext_device_fission cl_amd_device_attribute_query cl_amd_vec3 cl_amd_printf cl_amd_media_ops cl_amd_media_ops2 cl_amd_popcnt 
 - CL_DEVICE_VENDOR_ID                    : 4098
 - CL_DEVICE_MAX_COMPUTE_UNITS            : 32
 - CL_DEVICE_MAX_WORK_ITEM_DIMENSIONS     : 3
 - CL_DEVICE_MAX_WORK_ITEM_SIZES          : (1024, 1024, 1024)
 - CL_DEVICE_MAX_WORK_GROUP_SIZE          : 1024
 - CL_DEVICE_PREFERRED_VECTOR_WIDTH_CHAR  : 16
 - CL_DEVICE_PREFERRED_VECTOR_WIDTH_SHORT : 8
 - CL_DEVICE_PREFERRED_VECTOR_WIDTH_INT   : 4
 - CL_DEVICE_PREFERRED_VECTOR_WIDTH_LONG  : 2
 - CL_DEVICE_PREFERRED_VECTOR_WIDTH_FLOAT : 8
 - CL_DEVICE_PREFERRED_VECTOR_WIDTH_DOUBLE: 4
 - CL_DEVICE_MAX_CLOCK_FREQUENCY          : 1200
 - CL_DEVICE_ADDRESS_BITS                 : 64
 - CL_DEVICE_MAX_MEM_ALLOC_SIZE           : 33824091136
 - CL_DEVICE_IMAGE_SUPPORT                : CL_TRUE
 - CL_DEVICE_MAX_READ_IMAGE_ARGS          : 128
 - CL_DEVICE_MAX_WRITE_IMAGE_ARGS         : 8
 - CL_DEVICE_IMAGE2D_MAX_WIDTH            : 8192
 - CL_DEVICE_IMAGE2D_MAX_HEIGHT           : 8192
 - CL_DEVICE_IMAGE3D_MAX_WIDTH            : 2048
 - CL_DEVICE_IMAGE3D_MAX_HEIGHT           : 2048
 - CL_DEVICE_IMAGE3D_MAX_DEPTH            : 2048
 - CL_DEVICE_MAX_SAMPLERS                 : 16
 - CL_DEVICE_MAX_PARAMETER_SIZE           : 4096
 - CL_DEVICE_MEM_BASE_ADDR_ALIGN          : 1024
 - CL_DEVICE_MIN_DATA_TYPE_ALIGN_SIZE     : 128
 - CL_DEVICE_SINGLE_FP_CONFIG             : CL_FP_DENORM CL_FP_INF_NAN CL_FP_ROUND_TO_NEAREST CL_FP_ROUND_TO_ZERO CL_FP_ROUND_TO_INF CL_FP_FMA 
 - CL_DEVICE_GLOBAL_MEM_CACHE_TYPE        : CL_READ_WRTIE_CACHE
 - CL_DEVICE_GLOBAL_MEM_CACHELINE_SIZE    : 64
 - CL_DEVICE_GLOBAL_MEM_CACHE_SIZE        : 32768
 - CL_DEVICE_GLOBAL_MEM_SIZE              : 135296364544
 - CL_DEVICE_MAX_CONSTANT_BUFFER_SIZE     : 65536
 - CL_DEVICE_LOCAL_MEM_TYPE               : CL_GLOBAL
 - CL_DEVICE_LOCAL_MEM_SIZE               : 32768
 - CL_DEVICE_ERROR_CORRECTION_SUPPORT     : CL_FALSE
 - CL_DEVICE_PROFILING_TIMER_RESOLUTION   : 1 ns
 - CL_DEVICE_ENDIAN_LITTLE                : CL_TRUE
 - CL_DEVICE_AVAILABLE                    : CL_TRUE
 - CL_DEVICE_COMPILER_AVAILABLE           : CL_TRUE
 - CL_DEVICE_EXECUTION_CAPABILITIES       : CL_EXEC_KERNEL CL_EXEC_NATIVE_KERNEL
 - CL_DEVICE_QUEUE_PROPERTIES             : CL_QUEUE_PROFILING_ENABLE 


